2018-01-10 21:27:50.992 [main] DEBUG com.imooc.o2o.dao.ShopDao.updateShop - ==>  Preparing: update tb_shop SET shop_name=?, last_edit_time=? where shop_id=? 
2018-01-10 21:27:51.116 [main] DEBUG com.imooc.o2o.dao.ShopDao.updateShop - ==> Parameters: 修改后的店铺名称(String), 2018-01-10 21:27:49.957(Timestamp), 1(Long)
2018-01-10 21:27:51.158 [main] DEBUG com.imooc.o2o.dao.ShopDao.updateShop - <==    Updates: 1
2018-01-10 21:27:51.226 [main] DEBUG com.imooc.o2o.dao.ShopDao.queryByShopId - ==>  Preparing: SELECT s.shop_id, s.shop_name, s.shop_desc, s.shop_addr, s.phone, s.shop_img, s.priority, s.create_time, s.last_edit_time, s.enable_status, s.advice, a.area_id, a.area_name, sc.shop_category_id, sc.shop_category_name FROM tb_shop s, tb_area a, tb_shop_category sc WHERE s.area_id=a.area_id AND s.shop_category_id=sc.shop_category_id AND s.shop_id=? 
2018-01-10 21:27:51.228 [main] DEBUG com.imooc.o2o.dao.ShopDao.queryByShopId - ==> Parameters: 1(Long)
2018-01-10 21:27:51.293 [main] DEBUG com.imooc.o2o.dao.ShopDao.queryByShopId - <==      Total: 1
2018-01-10 21:30:13.197 [main] DEBUG com.imooc.o2o.dao.ShopDao.updateShop - ==>  Preparing: update tb_shop SET shop_name=?, last_edit_time=? where shop_id=? 
2018-01-10 21:30:13.248 [main] DEBUG com.imooc.o2o.dao.ShopDao.updateShop - ==> Parameters: 修改后的店铺名称(String), 2018-01-10 21:30:12.323(Timestamp), 73(Long)
2018-01-10 21:30:13.317 [main] DEBUG com.imooc.o2o.dao.ShopDao.updateShop - <==    Updates: 1
2018-01-10 21:30:13.323 [main] DEBUG com.imooc.o2o.dao.ShopDao.queryByShopId - ==>  Preparing: SELECT s.shop_id, s.shop_name, s.shop_desc, s.shop_addr, s.phone, s.shop_img, s.priority, s.create_time, s.last_edit_time, s.enable_status, s.advice, a.area_id, a.area_name, sc.shop_category_id, sc.shop_category_name FROM tb_shop s, tb_area a, tb_shop_category sc WHERE s.area_id=a.area_id AND s.shop_category_id=sc.shop_category_id AND s.shop_id=? 
2018-01-10 21:30:13.324 [main] DEBUG com.imooc.o2o.dao.ShopDao.queryByShopId - ==> Parameters: 73(Long)
2018-01-10 21:30:13.355 [main] DEBUG com.imooc.o2o.dao.ShopDao.queryByShopId - <==      Total: 1
2018-01-10 21:34:41.531 [main] DEBUG com.imooc.o2o.dao.ShopDao.updateShop - ==>  Preparing: update tb_shop SET shop_name=?, last_edit_time=? where shop_id=? 
2018-01-10 21:34:41.604 [main] DEBUG com.imooc.o2o.dao.ShopDao.updateShop - ==> Parameters: 修改后的店铺名称(String), 2018-01-10 21:34:40.753(Timestamp), 73(Long)
2018-01-10 21:34:41.628 [main] DEBUG com.imooc.o2o.dao.ShopDao.updateShop - <==    Updates: 1
2018-01-10 21:34:41.632 [main] DEBUG com.imooc.o2o.dao.ShopDao.queryByShopId - ==>  Preparing: SELECT s.shop_id, s.shop_name, s.shop_desc, s.shop_addr, s.phone, s.shop_img, s.priority, s.create_time, s.last_edit_time, s.enable_status, s.advice, a.area_id, a.area_name, sc.shop_category_id, sc.shop_category_name FROM tb_shop s, tb_area a, tb_shop_category sc WHERE s.area_id=a.area_id AND s.shop_category_id=sc.shop_category_id AND s.shop_id=? 
2018-01-10 21:34:41.633 [main] DEBUG com.imooc.o2o.dao.ShopDao.queryByShopId - ==> Parameters: 73(Long)
2018-01-10 21:34:41.671 [main] DEBUG com.imooc.o2o.dao.ShopDao.queryByShopId - <==      Total: 1
2018-01-10 21:36:30.385 [main] DEBUG com.imooc.o2o.dao.ShopDao.queryByShopId - ==>  Preparing: SELECT s.shop_id, s.shop_name, s.shop_desc, s.shop_addr, s.phone, s.shop_img, s.priority, s.create_time, s.last_edit_time, s.enable_status, s.advice, a.area_id, a.area_name, sc.shop_category_id, sc.shop_category_name FROM tb_shop s, tb_area a, tb_shop_category sc WHERE s.area_id=a.area_id AND s.shop_category_id=sc.shop_category_id AND s.shop_id=? 
2018-01-10 21:36:30.459 [main] DEBUG com.imooc.o2o.dao.ShopDao.queryByShopId - ==> Parameters: 73(Long)
2018-01-10 21:36:30.494 [main] DEBUG com.imooc.o2o.dao.ShopDao.queryByShopId - <==      Total: 1
2018-01-10 21:36:30.511 [main] DEBUG com.imooc.o2o.util.ImageUtil - current relativeAddr is :upload\item\shop\73\2018011021363034324.png
2018-01-10 21:36:30.512 [main] DEBUG com.imooc.o2o.util.ImageUtil - current complete addr is :D:\projectdev\image\upload\item\shop\73\2018011021363034324.png
2018-01-10 21:36:30.512 [main] DEBUG com.imooc.o2o.util.ImageUtil - basePath is :/E:/code/java/xuexi/o2o/target/test-classes/
2018-01-10 21:36:31.192 [main] DEBUG com.imooc.o2o.dao.ShopDao.updateShop - ==>  Preparing: update tb_shop SET shop_name=?, shop_img=?, last_edit_time=? where shop_id=? 
2018-01-10 21:36:31.198 [main] DEBUG com.imooc.o2o.dao.ShopDao.updateShop - ==> Parameters: 修改后的店铺名称(String), upload\item\shop\73\2018011021363034324.png(String), 2018-01-10 21:36:31.143(Timestamp), 73(Long)
2018-01-10 21:36:31.219 [main] DEBUG com.imooc.o2o.dao.ShopDao.updateShop - <==    Updates: 1
2018-01-10 21:36:31.231 [main] DEBUG com.imooc.o2o.dao.ShopDao.queryByShopId - ==>  Preparing: SELECT s.shop_id, s.shop_name, s.shop_desc, s.shop_addr, s.phone, s.shop_img, s.priority, s.create_time, s.last_edit_time, s.enable_status, s.advice, a.area_id, a.area_name, sc.shop_category_id, sc.shop_category_name FROM tb_shop s, tb_area a, tb_shop_category sc WHERE s.area_id=a.area_id AND s.shop_category_id=sc.shop_category_id AND s.shop_id=? 
2018-01-10 21:36:31.235 [main] DEBUG com.imooc.o2o.dao.ShopDao.queryByShopId - ==> Parameters: 73(Long)
2018-01-10 21:36:31.249 [main] DEBUG com.imooc.o2o.dao.ShopDao.queryByShopId - <==      Total: 1
2018-01-10 21:37:13.952 [main] DEBUG com.imooc.o2o.dao.ShopDao.queryByShopId - ==>  Preparing: SELECT s.shop_id, s.shop_name, s.shop_desc, s.shop_addr, s.phone, s.shop_img, s.priority, s.create_time, s.last_edit_time, s.enable_status, s.advice, a.area_id, a.area_name, sc.shop_category_id, sc.shop_category_name FROM tb_shop s, tb_area a, tb_shop_category sc WHERE s.area_id=a.area_id AND s.shop_category_id=sc.shop_category_id AND s.shop_id=? 
2018-01-10 21:37:14.036 [main] DEBUG com.imooc.o2o.dao.ShopDao.queryByShopId - ==> Parameters: 1(Long)
2018-01-10 21:37:14.110 [main] DEBUG com.imooc.o2o.dao.ShopDao.queryByShopId - <==      Total: 1
2018-01-10 21:37:14.126 [main] DEBUG com.imooc.o2o.util.ImageUtil - current relativeAddr is :upload\item\shop\1\2018011021371473541.png
2018-01-10 21:37:14.131 [main] DEBUG com.imooc.o2o.util.ImageUtil - current complete addr is :D:\projectdev\image\upload\item\shop\1\2018011021371473541.png
2018-01-10 21:37:14.131 [main] DEBUG com.imooc.o2o.util.ImageUtil - basePath is :/E:/code/java/xuexi/o2o/target/test-classes/
2018-01-10 21:37:14.518 [main] DEBUG com.imooc.o2o.dao.ShopDao.updateShop - ==>  Preparing: update tb_shop SET shop_name=?, shop_img=?, last_edit_time=? where shop_id=? 
2018-01-10 21:37:14.521 [main] DEBUG com.imooc.o2o.dao.ShopDao.updateShop - ==> Parameters: 修改后的店铺名称(String), upload\item\shop\1\2018011021371473541.png(String), 2018-01-10 21:37:14.468(Timestamp), 1(Long)
2018-01-10 21:37:14.555 [main] DEBUG com.imooc.o2o.dao.ShopDao.updateShop - <==    Updates: 1
2018-01-10 21:37:14.566 [main] DEBUG com.imooc.o2o.dao.ShopDao.queryByShopId - ==>  Preparing: SELECT s.shop_id, s.shop_name, s.shop_desc, s.shop_addr, s.phone, s.shop_img, s.priority, s.create_time, s.last_edit_time, s.enable_status, s.advice, a.area_id, a.area_name, sc.shop_category_id, sc.shop_category_name FROM tb_shop s, tb_area a, tb_shop_category sc WHERE s.area_id=a.area_id AND s.shop_category_id=sc.shop_category_id AND s.shop_id=? 
2018-01-10 21:37:14.571 [main] DEBUG com.imooc.o2o.dao.ShopDao.queryByShopId - ==> Parameters: 1(Long)
2018-01-10 21:37:14.583 [main] DEBUG com.imooc.o2o.dao.ShopDao.queryByShopId - <==      Total: 1
